<?xml version="1.0" encoding="UTF-8"?>
<!-- Generated by org.testng.reporters.JUnitReportReporter -->
<testsuite hostname="JaysLENOVO" failures="0" tests="1" name="com.actitime.testscript.DemoTestNG" time="0.009" errors="0" timestamp="2022-09-20T11:57:32 IST" skipped="0">
  <testcase classname="com.actitime.testscript.DemoTestNG" name="demotest" time="0.009"/>
  <system-out>
    <![CDATA[welcome]]>
  </system-out>
</testsuite> <!-- com.actitime.testscript.DemoTestNG -->
